<?xml version="1.0" encoding="UTF-8"?>
<!-- Generated by org.testng.reporters.JUnitReportReporter -->
<testsuite hostname="Mit" failures="0" tests="1" name="TestCases.LoginTest" time="3.437" errors="0" timestamp="2024-10-05T22:59:13 IST" skipped="0">
  <testcase classname="TestCases.LoginTest" name="performLogin" time="3.437"/>
  <system-out/>
</testsuite> <!-- TestCases.LoginTest -->
