<?xml version="1.0" encoding="UTF-8"?>
<!-- Generated by org.testng.reporters.JUnitReportReporter -->
<testsuite hostname="Mit" failures="0" tests="1" name="org.orangehrm.orangehrmAutomation.AppTest" time="0.001" errors="0" timestamp="2024-10-05T22:59:13 IST" skipped="0">
  <testcase classname="org.orangehrm.orangehrmAutomation.AppTest" name="testApp" time="0.001"/>
  <system-out/>
</testsuite> <!-- org.orangehrm.orangehrmAutomation.AppTest -->
